This file contains any messages produced by compilers while
running configure, to aid debugging if configure makes a mistake.

It was created by tinyos-tools configure 1.2.4, which was
generated by GNU Autoconf 2.69.  Invocation command line was

  $ ./configure 

## --------- ##
## Platform. ##
## --------- ##

hostname = xinghans-mbp.dhcp.wustl.edu
uname -m = x86_64
uname -r = 15.5.0
uname -s = Darwin
uname -v = Darwin Kernel Version 15.5.0: Tue Apr 19 18:36:36 PDT 2016; root:xnu-3248.50.21~8/RELEASE_X86_64

/usr/bin/uname -p = i386
/bin/uname -X     = unknown

/bin/arch              = unknown
/usr/bin/arch -k       = unknown
/usr/convex/getsysinfo = unknown
/usr/bin/hostinfo      = Mach kernel version:
	 Darwin Kernel Version 15.5.0: Tue Apr 19 18:36:36 PDT 2016; root:xnu-3248.50.21~8/RELEASE_X86_64
Kernel configured for up to 4 processors.
2 processors are physically available.
4 processors are logically available.
Processor type: x86_64h (Intel x86-64h Haswell)
Processors active: 0 1 2 3
Primary memory available: 8.00 gigabytes
Default processor set: 306 tasks, 1313 threads, 4 processors
Load average: 1.32, Mach factor: 2.67
/bin/machine           = unknown
/usr/bin/oslevel       = unknown
/bin/universe          = unknown

PATH: /Users/sywxh2012/Desktop/summer_2016/TinyOS-2.x-jhu/opt/tinyos-2.x-tools/bin
PATH: /Users/sywxh2012/Desktop/summer_2016/TinyOS-2.x-jhu/opt/nesc/bin
PATH: /Users/sywxh2012/Desktop/summer_2016/TinyOS-2.x-jhu/opt/msp430/bin
PATH: /Users/sywxh2012/Desktop/summer_2016/TinyOS-2.x-jhu/opt/avr/bin
PATH: /Users/sywxh2012/Desktop/summer_2016/TinyOS-2.x-jhu/opt/deputy/bin
PATH: /opt/local/bin
PATH: /opt/local/sbin
PATH: //anaconda/bin
PATH: /opt/local/bin
PATH: /opt/local/sbin
PATH: /usr/local/bin
PATH: /usr/bin
PATH: /bin
PATH: /usr/sbin
PATH: /sbin
PATH: /opt/X11/bin
PATH: /Library/TeX/texbin
PATH: /Users/sywxh2012/Desktop/summer_2016/TinyOS-2.x-jhu/opt/tinyos-2.x/support/sdk/java/


## ----------- ##
## Core tests. ##
## ----------- ##

configure:1908: checking for a BSD-compatible install
configure:1976: result: /usr/bin/install -c
configure:1987: checking whether build environment is sane
configure:2042: result: yes
configure:2193: checking for a thread-safe mkdir -p
configure:2232: result: config-aux/install-sh -c -d
configure:2239: checking for gawk
configure:2269: result: no
configure:2239: checking for mawk
configure:2269: result: no
configure:2239: checking for nawk
configure:2269: result: no
configure:2239: checking for awk
configure:2255: found /usr/bin/awk
configure:2266: result: awk
configure:2277: checking whether make sets $(MAKE)
configure:2299: result: yes
configure:2328: checking whether make supports nested variables
configure:2345: result: yes
configure:2475: checking build system type
configure:2489: result: x86_64-apple-darwin15.5.0
configure:2509: checking host system type
configure:2522: result: x86_64-apple-darwin15.5.0
configure:2591: checking for gcc
configure:2607: found /opt/local/bin/gcc
configure:2618: result: gcc
configure:2847: checking for C compiler version
configure:2856: gcc --version >&5
gcc (MacPorts gcc43 4.3.6_11) 4.3.6
Copyright (C) 2008 Free Software Foundation, Inc.
This is free software; see the source for copying conditions.  There is NO
warranty; not even for MERCHANTABILITY or FITNESS FOR A PARTICULAR PURPOSE.

configure:2867: $? = 0
configure:2856: gcc -v >&5
Using built-in specs.
Target: x86_64-apple-darwin15
Configured with: /opt/local/var/macports/build/_opt_mports_dports_lang_gcc43/gcc43/work/gcc-4.3.6/configure --prefix=/opt/local --build=x86_64-apple-darwin15 --enable-languages=c,c++,objc,obj-c++,java,fortran --libdir=/opt/local/lib/gcc43 --includedir=/opt/local/include/gcc43 --infodir=/opt/local/share/info --mandir=/opt/local/share/man --datadir=/opt/local/share/gcc43 --with-local-prefix=/opt/local --with-libiconv-prefix=/opt/local --with-system-zlib --disable-nls --program-suffix=-mp-4.3 --with-gxx-include-dir=/opt/local/include/gcc43/c++/ --with-gmp=/opt/local --with-mpfr=/opt/local --enable-stage1-checking --disable-multilib --with-as=/opt/local/bin/as --with-ld=/opt/local/bin/ld --with-ar=/opt/local/bin/ar --with-bugurl=https://trac.macports.org/newticket --with-pkgversion='MacPorts gcc43 4.3.6_11'
Thread model: posix
gcc version 4.3.6 (MacPorts gcc43 4.3.6_11) 
configure:2867: $? = 0
configure:2856: gcc -V >&5
gcc: '-V' option must have argument
configure:2867: $? = 1
configure:2856: gcc -qversion >&5
gcc: unrecognized option '-qversion'
gcc: no input files
configure:2867: $? = 1
configure:2887: checking whether the C compiler works
configure:2909: gcc    conftest.c  >&5
configure:2913: $? = 0
configure:2961: result: yes
configure:2964: checking for C compiler default output file name
configure:2966: result: a.out
configure:2972: checking for suffix of executables
configure:2979: gcc -o conftest    conftest.c  >&5
configure:2983: $? = 0
configure:3005: result: 
configure:3027: checking whether we are cross compiling
configure:3035: gcc -o conftest    conftest.c  >&5
configure:3039: $? = 0
configure:3046: ./conftest
configure:3050: $? = 0
configure:3065: result: no
configure:3070: checking for suffix of object files
configure:3092: gcc -c   conftest.c >&5
configure:3096: $? = 0
configure:3117: result: o
configure:3121: checking whether we are using the GNU C compiler
configure:3140: gcc -c   conftest.c >&5
configure:3140: $? = 0
configure:3149: result: yes
configure:3158: checking whether gcc accepts -g
configure:3178: gcc -c -g  conftest.c >&5
configure:3178: $? = 0
configure:3219: result: yes
configure:3236: checking for gcc option to accept ISO C89
configure:3299: gcc  -c -g -O2  conftest.c >&5
configure:3299: $? = 0
configure:3312: result: none needed
configure:3337: checking whether gcc understands -c and -o together
configure:3359: gcc -c conftest.c -o conftest2.o
configure:3362: $? = 0
configure:3359: gcc -c conftest.c -o conftest2.o
configure:3362: $? = 0
configure:3374: result: yes
configure:3402: checking for style of include used by make
configure:3430: result: GNU
configure:3456: checking dependency style of gcc
configure:3567: result: gcc3
configure:3640: checking for g++
configure:3656: found /opt/local/bin/g++
configure:3667: result: g++
configure:3694: checking for C++ compiler version
configure:3703: g++ --version >&5
g++ (MacPorts gcc43 4.3.6_11) 4.3.6
Copyright (C) 2008 Free Software Foundation, Inc.
This is free software; see the source for copying conditions.  There is NO
warranty; not even for MERCHANTABILITY or FITNESS FOR A PARTICULAR PURPOSE.

configure:3714: $? = 0
configure:3703: g++ -v >&5
Using built-in specs.
Target: x86_64-apple-darwin15
Configured with: /opt/local/var/macports/build/_opt_mports_dports_lang_gcc43/gcc43/work/gcc-4.3.6/configure --prefix=/opt/local --build=x86_64-apple-darwin15 --enable-languages=c,c++,objc,obj-c++,java,fortran --libdir=/opt/local/lib/gcc43 --includedir=/opt/local/include/gcc43 --infodir=/opt/local/share/info --mandir=/opt/local/share/man --datadir=/opt/local/share/gcc43 --with-local-prefix=/opt/local --with-libiconv-prefix=/opt/local --with-system-zlib --disable-nls --program-suffix=-mp-4.3 --with-gxx-include-dir=/opt/local/include/gcc43/c++/ --with-gmp=/opt/local --with-mpfr=/opt/local --enable-stage1-checking --disable-multilib --with-as=/opt/local/bin/as --with-ld=/opt/local/bin/ld --with-ar=/opt/local/bin/ar --with-bugurl=https://trac.macports.org/newticket --with-pkgversion='MacPorts gcc43 4.3.6_11'
Thread model: posix
gcc version 4.3.6 (MacPorts gcc43 4.3.6_11) 
configure:3714: $? = 0
configure:3703: g++ -V >&5
g++: '-V' option must have argument
configure:3714: $? = 1
configure:3703: g++ -qversion >&5
g++: unrecognized option '-qversion'
g++: no input files
configure:3714: $? = 1
configure:3718: checking whether we are using the GNU C++ compiler
configure:3737: g++ -c   conftest.cpp >&5
configure:3737: $? = 0
configure:3746: result: yes
configure:3755: checking whether g++ accepts -g
configure:3775: g++ -c -g  conftest.cpp >&5
configure:3775: $? = 0
configure:3816: result: yes
configure:3841: checking dependency style of g++
configure:3952: result: gcc3
configure:4010: checking for ranlib
configure:4026: found /opt/local/bin/ranlib
configure:4037: result: ranlib
configure:4062: checking for perl
configure:4080: found /opt/local/bin/perl
configure:4092: result: /opt/local/bin/perl
configure:4106: checking for python
configure:4124: found //anaconda/bin/python
configure:4136: result: //anaconda/bin/python
configure:4151: checking for nescc
configure:4169: found /Users/sywxh2012/Desktop/summer_2016/TinyOS-2.x-jhu/opt/nesc/bin/nescc
configure:4181: result: /Users/sywxh2012/Desktop/summer_2016/TinyOS-2.x-jhu/opt/nesc/bin/nescc
configure:4204: Default ncc build target is mica
configure:4206: ...but using a tos/.default-platform file is a better choice
configure:4222: TinyOS directory is /Users/sywxh2012/Desktop/summer_2016/TinyOS-2.x-jhu/opt/tinyos-2.x/tos
configure:4226: checking for cygwin
configure:4243: result: no
configure:4273: checking for JDK location
configure:4280: result: /System/Library/Frameworks/JavaVM.framework/Versions/Current
configure:4451: checking that generated files are newer than configure
configure:4457: result: done
configure:4492: creating ./config.status

## ---------------------- ##
## Running config.status. ##
## ---------------------- ##

This file was extended by tinyos-tools config.status 1.2.4, which was
generated by GNU Autoconf 2.69.  Invocation command line was

  CONFIG_FILES    = 
  CONFIG_HEADERS  = 
  CONFIG_LINKS    = 
  CONFIG_COMMANDS = 
  $ ./config.status 

on xinghans-mbp.dhcp.wustl.edu

config.status:833: creating Makefile
config.status:833: creating platforms/Makefile
config.status:833: creating platforms/mica/Makefile
config.status:833: creating platforms/mica/cc1000-channelgen/Makefile
config.status:833: creating platforms/msp430/Makefile
config.status:833: creating platforms/msp430/motelist/Makefile
config.status:833: creating platforms/msp430/pybsl/Makefile
config.status:833: creating platforms/msp430/pybsl/tos-bsl.1
config.status:833: creating platforms/msp430/pybsl/serial/Makefile
config.status:833: creating tinyos/Makefile
config.status:833: creating tinyos/java/Makefile
config.status:833: creating tinyos/java/env/Makefile
config.status:833: creating tinyos/java/serial/Makefile
config.status:833: creating tinyos/misc/tos-ident-flags
config.status:833: creating tinyos/misc/tos-install-jni
config.status:833: creating tinyos/misc/tos-set-symbols
config.status:833: creating tinyos/misc/tos-write-buildinfo
config.status:833: creating tinyos/misc/tos-write-image
config.status:833: creating tinyos/misc/tos-storage-at45db
config.status:833: creating tinyos/misc/tos-storage-stm25p
config.status:833: creating tinyos/misc/tos-storage-pxa27xp30
config.status:833: creating tinyos/misc/Makefile
config.status:833: creating tinyos/ncc/Makefile
config.status:833: creating tinyos/ncc/mig
config.status:833: creating tinyos/ncc/ncc
config.status:833: creating tinyos/ncc/ncg
config.status:833: creating tinyos/ncc/nesdoc
config.status:833: creating tinyos/ncc/nesdoc-py/Makefile
config.status:833: creating tinyos/tosthreads/Makefile
config.status:833: creating tinyos/safe/Makefile
config.status:1005: executing depfiles commands
configure:5716: === configuring in platforms/mica/uisp (/Users/sywxh2012/Desktop/summer_2016/TinyOS-2.x-jhu/opt/tinyos-2.x/tools/platforms/mica/uisp)
configure:5779: running /bin/sh ./configure --disable-option-checking '--prefix=/usr/local'  --cache-file=/dev/null --srcdir=.

## ---------------- ##
## Cache variables. ##
## ---------------- ##

ac_cv_build=x86_64-apple-darwin15.5.0
ac_cv_c_compiler_gnu=yes
ac_cv_cxx_compiler_gnu=yes
ac_cv_env_CCC_set=
ac_cv_env_CCC_value=
ac_cv_env_CC_set=
ac_cv_env_CC_value=
ac_cv_env_CFLAGS_set=
ac_cv_env_CFLAGS_value=
ac_cv_env_CPPFLAGS_set=
ac_cv_env_CPPFLAGS_value=
ac_cv_env_CXXFLAGS_set=
ac_cv_env_CXXFLAGS_value=
ac_cv_env_CXX_set=
ac_cv_env_CXX_value=
ac_cv_env_LDFLAGS_set=
ac_cv_env_LDFLAGS_value=
ac_cv_env_LIBS_set=
ac_cv_env_LIBS_value=
ac_cv_env_build_alias_set=
ac_cv_env_build_alias_value=
ac_cv_env_host_alias_set=
ac_cv_env_host_alias_value=
ac_cv_env_target_alias_set=
ac_cv_env_target_alias_value=
ac_cv_host=x86_64-apple-darwin15.5.0
ac_cv_objext=o
ac_cv_path_install='/usr/bin/install -c'
ac_cv_path_pathnescc=/Users/sywxh2012/Desktop/summer_2016/TinyOS-2.x-jhu/opt/nesc/bin/nescc
ac_cv_path_pathperl=/opt/local/bin/perl
ac_cv_path_pathpython=//anaconda/bin/python
ac_cv_prog_AWK=awk
ac_cv_prog_ac_ct_CC=gcc
ac_cv_prog_ac_ct_CXX=g++
ac_cv_prog_ac_ct_RANLIB=ranlib
ac_cv_prog_cc_c89=
ac_cv_prog_cc_g=yes
ac_cv_prog_cxx_g=yes
ac_cv_prog_make_make_set=yes
am_cv_CC_dependencies_compiler_type=gcc3
am_cv_CXX_dependencies_compiler_type=gcc3
am_cv_make_support_nested_variables=yes
am_cv_prog_cc_c_o=yes

## ----------------- ##
## Output variables. ##
## ----------------- ##

ACLOCAL='${SHELL} /Users/sywxh2012/Desktop/summer_2016/TinyOS-2.x-jhu/opt/tinyos-2.x/tools/config-aux/missing aclocal-1.15'
AMDEPBACKSLASH='\'
AMDEP_FALSE='#'
AMDEP_TRUE=''
AMTAR='$${TAR-tar}'
AM_BACKSLASH='\'
AM_DEFAULT_V='$(AM_DEFAULT_VERBOSITY)'
AM_DEFAULT_VERBOSITY='1'
AM_V='$(V)'
AUTOCONF='${SHELL} /Users/sywxh2012/Desktop/summer_2016/TinyOS-2.x-jhu/opt/tinyos-2.x/tools/config-aux/missing autoconf'
AUTOHEADER='${SHELL} /Users/sywxh2012/Desktop/summer_2016/TinyOS-2.x-jhu/opt/tinyos-2.x/tools/config-aux/missing autoheader'
AUTOMAKE='${SHELL} /Users/sywxh2012/Desktop/summer_2016/TinyOS-2.x-jhu/opt/tinyos-2.x/tools/config-aux/missing automake-1.15'
AWK='awk'
CC='gcc'
CCDEPMODE='depmode=gcc3'
CFLAGS='-g -O2'
CPPFLAGS=''
CXX='g++'
CXXDEPMODE='depmode=gcc3'
CXXFLAGS='-g -O2'
CYGPATH_W='echo'
CYGWIN_FALSE=''
CYGWIN_TRUE='#'
DARWIN_FALSE='#'
DARWIN_TRUE=''
DEFS='-DPACKAGE_NAME=\"tinyos-tools\" -DPACKAGE_TARNAME=\"tinyos-tools\" -DPACKAGE_VERSION=\"1.2.4\" -DPACKAGE_STRING=\"tinyos-tools\ 1.2.4\" -DPACKAGE_BUGREPORT=\"\" -DPACKAGE_URL=\"\" -DPACKAGE=\"tinyos-tools\" -DVERSION=\"1.2.4\"'
DEPDIR='.deps'
ECHO_C='\c'
ECHO_N=''
ECHO_T=''
EXEEXT=''
GETENVLIB='libgetenv.jnilib '
INSTALLJNI='install'
INSTALL_DATA='${INSTALL} -m 644'
INSTALL_PROGRAM='${INSTALL}'
INSTALL_SCRIPT='${INSTALL}'
INSTALL_STRIP_PROGRAM='$(install_sh) -c -s'
JDK='/System/Library/Frameworks/JavaVM.framework/Versions/Current'
JNIPREFIX='lib'
JNISUFFIX='jnilib'
LDFLAGS=''
LIBOBJS=''
LIBS=''
LTLIBOBJS=''
MAKEINFO='${SHELL} /Users/sywxh2012/Desktop/summer_2016/TinyOS-2.x-jhu/opt/tinyos-2.x/tools/config-aux/missing makeinfo'
MKDIR_P='config-aux/install-sh -c -d'
OBJEXT='o'
PACKAGE='tinyos-tools'
PACKAGE_BUGREPORT=''
PACKAGE_NAME='tinyos-tools'
PACKAGE_STRING='tinyos-tools 1.2.4'
PACKAGE_TARNAME='tinyos-tools'
PACKAGE_URL=''
PACKAGE_VERSION='1.2.4'
PATH_SEPARATOR=':'
RANLIB='ranlib'
SET_MAKE=''
SHELL='/bin/sh'
STRIP=''
TOSCOMMLIB='libtoscomm.jnilib '
TOSDIR='/Users/sywxh2012/Desktop/summer_2016/TinyOS-2.x-jhu/opt/tinyos-2.x/tos'
VERSION='1.2.4'
ac_ct_CC='gcc'
ac_ct_CXX='g++'
am__EXEEXT_FALSE=''
am__EXEEXT_TRUE='#'
am__fastdepCC_FALSE='#'
am__fastdepCC_TRUE=''
am__fastdepCXX_FALSE='#'
am__fastdepCXX_TRUE=''
am__include='include'
am__isrc=''
am__leading_dot='.'
am__nodep='_no'
am__quote=''
am__tar='$${TAR-tar} chof - "$$tardir"'
am__untar='$${TAR-tar} xf -'
bindir='${exec_prefix}/bin'
build='x86_64-apple-darwin15.5.0'
build_alias=''
build_cpu='x86_64'
build_os='darwin15.5.0'
build_vendor='apple'
datadir='${datarootdir}'
datarootdir='${prefix}/share'
default_target='mica'
docdir='${datarootdir}/doc/${PACKAGE_TARNAME}'
dvidir='${docdir}'
exec_prefix='${prefix}'
host='x86_64-apple-darwin15.5.0'
host_alias=''
host_cpu='x86_64'
host_os='darwin15.5.0'
host_vendor='apple'
htmldir='${docdir}'
includedir='${prefix}/include'
infodir='${datarootdir}/info'
install_sh='${SHELL} /Users/sywxh2012/Desktop/summer_2016/TinyOS-2.x-jhu/opt/tinyos-2.x/tools/config-aux/install-sh'
libdir='${exec_prefix}/lib'
libexecdir='${exec_prefix}/libexec'
localedir='${datarootdir}/locale'
localstatedir='${prefix}/var'
mandir='${datarootdir}/man'
mkdir_p='$(MKDIR_P)'
nescc_prefix='/Users/sywxh2012/Desktop/summer_2016/TinyOS-2.x-jhu/opt/nesc'
oldincludedir='/usr/include'
pathnescc='/Users/sywxh2012/Desktop/summer_2016/TinyOS-2.x-jhu/opt/nesc/bin/nescc'
pathperl='/opt/local/bin/perl'
pathpython='//anaconda/bin/python'
pdfdir='${docdir}'
prefix='/usr/local'
program_transform_name='s,x,x,'
psdir='${docdir}'
sbindir='${exec_prefix}/sbin'
sharedstatedir='${prefix}/com'
subdirs=' platforms/mica/uisp'
sysconfdir='${prefix}/etc'
target_alias=''

## ----------- ##
## confdefs.h. ##
## ----------- ##

/* confdefs.h */
#define PACKAGE_NAME "tinyos-tools"
#define PACKAGE_TARNAME "tinyos-tools"
#define PACKAGE_VERSION "1.2.4"
#define PACKAGE_STRING "tinyos-tools 1.2.4"
#define PACKAGE_BUGREPORT ""
#define PACKAGE_URL ""
#define PACKAGE "tinyos-tools"
#define VERSION "1.2.4"

configure: exit 0
